{"/mnt/c/Users/Phurinat Musikanon/OneDrive/Documents/GitHub/ecommerce-lab-6509650658/ecommerce-lab/app.js": {"path":"/mnt/c/Users/Phurinat Musikanon/OneDrive/Documents/GitHub/ecommerce-lab-6509650658/ecommerce-lab/app.js","statementMap":{"0":{"start":{"line":1,"column":16},"end":{"line":1,"column":34}},"1":{"start":{"line":2,"column":12},"end":{"line":2,"column":21}},"2":{"start":{"line":4,"column":0},"end":{"line":4,"column":24}},"3":{"start":{"line":6,"column":15},"end":{"line":9,"column":1}},"4":{"start":{"line":12,"column":0},"end":{"line":14,"column":3}},"5":{"start":{"line":13,"column":4},"end":{"line":13,"column":35}},"6":{"start":{"line":17,"column":0},"end":{"line":25,"column":3}},"7":{"start":{"line":18,"column":22},"end":{"line":18,"column":45}},"8":{"start":{"line":19,"column":20},"end":{"line":19,"column":58}},"9":{"start":{"line":19,"column":39},"end":{"line":19,"column":57}},"10":{"start":{"line":20,"column":4},"end":{"line":24,"column":5}},"11":{"start":{"line":21,"column":8},"end":{"line":21,"column":38}},"12":{"start":{"line":23,"column":8},"end":{"line":23,"column":63}},"13":{"start":{"line":28,"column":0},"end":{"line":37,"column":3}},"14":{"start":{"line":29,"column":23},"end":{"line":34,"column":5}},"15":{"start":{"line":35,"column":4},"end":{"line":35,"column":30}},"16":{"start":{"line":36,"column":4},"end":{"line":36,"column":37}},"17":{"start":{"line":40,"column":0},"end":{"line":51,"column":3}},"18":{"start":{"line":41,"column":22},"end":{"line":41,"column":45}},"19":{"start":{"line":42,"column":20},"end":{"line":42,"column":58}},"20":{"start":{"line":42,"column":39},"end":{"line":42,"column":57}},"21":{"start":{"line":43,"column":4},"end":{"line":50,"column":5}},"22":{"start":{"line":44,"column":8},"end":{"line":44,"column":53}},"23":{"start":{"line":45,"column":8},"end":{"line":45,"column":56}},"24":{"start":{"line":46,"column":8},"end":{"line":46,"column":56}},"25":{"start":{"line":47,"column":8},"end":{"line":47,"column":38}},"26":{"start":{"line":49,"column":8},"end":{"line":49,"column":63}},"27":{"start":{"line":54,"column":0},"end":{"line":63,"column":3}},"28":{"start":{"line":55,"column":22},"end":{"line":55,"column":45}},"29":{"start":{"line":56,"column":25},"end":{"line":56,"column":68}},"30":{"start":{"line":56,"column":49},"end":{"line":56,"column":67}},"31":{"start":{"line":57,"column":4},"end":{"line":62,"column":5}},"32":{"start":{"line":58,"column":8},"end":{"line":58,"column":41}},"33":{"start":{"line":59,"column":8},"end":{"line":59,"column":61}},"34":{"start":{"line":61,"column":8},"end":{"line":61,"column":63}},"35":{"start":{"line":65,"column":0},"end":{"line":65,"column":21}}},"fnMap":{"0":{"name":"(anonymous_0)","decl":{"start":{"line":12,"column":21},"end":{"line":12,"column":22}},"loc":{"start":{"line":12,"column":35},"end":{"line":14,"column":1}},"line":12},"1":{"name":"(anonymous_1)","decl":{"start":{"line":17,"column":25},"end":{"line":17,"column":26}},"loc":{"start":{"line":17,"column":39},"end":{"line":25,"column":1}},"line":17},"2":{"name":"(anonymous_2)","decl":{"start":{"line":19,"column":34},"end":{"line":19,"column":35}},"loc":{"start":{"line":19,"column":39},"end":{"line":19,"column":57}},"line":19},"3":{"name":"(anonymous_3)","decl":{"start":{"line":28,"column":22},"end":{"line":28,"column":23}},"loc":{"start":{"line":28,"column":36},"end":{"line":37,"column":1}},"line":28},"4":{"name":"(anonymous_4)","decl":{"start":{"line":40,"column":25},"end":{"line":40,"column":26}},"loc":{"start":{"line":40,"column":39},"end":{"line":51,"column":1}},"line":40},"5":{"name":"(anonymous_5)","decl":{"start":{"line":42,"column":34},"end":{"line":42,"column":35}},"loc":{"start":{"line":42,"column":39},"end":{"line":42,"column":57}},"line":42},"6":{"name":"(anonymous_6)","decl":{"start":{"line":54,"column":28},"end":{"line":54,"column":29}},"loc":{"start":{"line":54,"column":42},"end":{"line":63,"column":1}},"line":54},"7":{"name":"(anonymous_7)","decl":{"start":{"line":56,"column":44},"end":{"line":56,"column":45}},"loc":{"start":{"line":56,"column":49},"end":{"line":56,"column":67}},"line":56}},"branchMap":{"0":{"loc":{"start":{"line":20,"column":4},"end":{"line":24,"column":5}},"type":"if","locations":[{"start":{"line":20,"column":4},"end":{"line":24,"column":5}},{"start":{"line":22,"column":11},"end":{"line":24,"column":5}}],"line":20},"1":{"loc":{"start":{"line":43,"column":4},"end":{"line":50,"column":5}},"type":"if","locations":[{"start":{"line":43,"column":4},"end":{"line":50,"column":5}},{"start":{"line":48,"column":11},"end":{"line":50,"column":5}}],"line":43},"2":{"loc":{"start":{"line":44,"column":23},"end":{"line":44,"column":52}},"type":"binary-expr","locations":[{"start":{"line":44,"column":23},"end":{"line":44,"column":36}},{"start":{"line":44,"column":40},"end":{"line":44,"column":52}}],"line":44},"3":{"loc":{"start":{"line":45,"column":24},"end":{"line":45,"column":55}},"type":"binary-expr","locations":[{"start":{"line":45,"column":24},"end":{"line":45,"column":38}},{"start":{"line":45,"column":42},"end":{"line":45,"column":55}}],"line":45},"4":{"loc":{"start":{"line":46,"column":24},"end":{"line":46,"column":55}},"type":"binary-expr","locations":[{"start":{"line":46,"column":24},"end":{"line":46,"column":38}},{"start":{"line":46,"column":42},"end":{"line":46,"column":55}}],"line":46},"5":{"loc":{"start":{"line":57,"column":4},"end":{"line":62,"column":5}},"type":"if","locations":[{"start":{"line":57,"column":4},"end":{"line":62,"column":5}},{"start":{"line":60,"column":11},"end":{"line":62,"column":5}}],"line":57}},"s":{"0":1,"1":1,"2":1,"3":1,"4":1,"5":1,"6":1,"7":6,"8":6,"9":7,"10":6,"11":5,"12":1,"13":1,"14":1,"15":1,"16":1,"17":1,"18":4,"19":4,"20":6,"21":4,"22":3,"23":3,"24":3,"25":3,"26":1,"27":1,"28":2,"29":2,"30":3,"31":2,"32":1,"33":1,"34":1,"35":1},"f":{"0":1,"1":6,"2":7,"3":1,"4":4,"5":6,"6":2,"7":3},"b":{"0":[5,1],"1":[3,1],"2":[3,2],"3":[3,1],"4":[3,1],"5":[1,1]},"_coverageSchema":"1a1c01bbd47fc00a2c39e90264f33305004495a9","hash":"86de049919950e5c41cfb771c57e2a070aba557b"}
}
